SF:lib/features/crypto/domain/usescases/chart_prices_usescases.dart
DA:8,1
DA:10,3
LF:2
LH:2
end_of_record
SF:lib/core/constants/app_icons.dart
DA:2,0
LF:1
LH:0
end_of_record
SF:lib/core/error/failure.dart
DA:24,9
DA:26,0
DA:27,0
DA:29,0
DA:36,0
DA:37,0
DA:39,0
LF:7
LH:1
end_of_record
SF:lib/features/crypto/domain/usescases/crypto_list_usescases.dart
DA:8,1
DA:10,3
LF:2
LH:2
end_of_record
SF:lib/features/crypto/domain/usescases/news_usescases.dart
DA:8,1
DA:10,3
LF:2
LH:2
end_of_record
SF:lib/features/crypto/presentation/Riverpod/providers.dart
DA:15,0
DA:16,0
DA:17,0
DA:18,0
DA:19,3
DA:20,3
DA:21,3
DA:23,2
DA:24,1
DA:25,2
DA:26,2
DA:29,2
DA:30,3
DA:31,3
DA:33,2
DA:34,2
DA:35,4
LF:17
LH:13
end_of_record
SF:lib/core/constants/api_constant.dart
DA:2,0
DA:4,0
DA:5,0
DA:6,0
LF:4
LH:0
end_of_record
SF:lib/core/data/datasource/remote_data_source.dart
DA:8,0
DA:9,0
DA:10,0
DA:17,0
DA:19,0
DA:20,0
DA:21,0
DA:24,0
DA:25,0
DA:26,0
DA:27,0
DA:29,0
DA:33,0
DA:34,0
DA:36,0
DA:37,0
DA:39,0
DA:41,0
DA:42,0
DA:44,0
DA:46,0
DA:48,0
DA:49,0
DA:51,0
DA:52,0
DA:55,0
DA:59,0
DA:62,0
DA:67,0
DA:69,0
DA:70,0
DA:71,0
DA:72,0
DA:73,0
DA:77,0
DA:78,0
DA:82,0
DA:85,0
DA:92,0
DA:94,0
DA:95,0
DA:96,0
DA:97,0
DA:98,0
DA:103,0
DA:104,0
DA:107,0
DA:110,0
DA:113,0
DA:118,0
DA:119,0
DA:121,0
DA:124,0
DA:127,0
DA:132,0
DA:133,0
DA:135,0
DA:138,0
DA:141,0
DA:147,0
DA:149,0
DA:150,0
DA:151,0
DA:152,0
DA:153,0
DA:157,0
DA:158,0
DA:159,0
DA:160,0
DA:165,0
DA:168,0
DA:172,0
DA:173,0
DA:174,0
DA:175,0
DA:176,0
DA:177,0
DA:181,0
DA:183,0
DA:185,0
DA:187,0
DA:194,0
DA:197,0
DA:199,0
DA:204,0
DA:205,0
LF:86
LH:0
end_of_record
SF:lib/core/error/exception.dart
DA:2,0
DA:6,3
DA:10,3
DA:14,3
DA:18,3
DA:22,3
LF:6
LH:5
end_of_record
SF:lib/core/data/repositories/base_repository.dart
DA:8,0
DA:9,0
DA:10,0
DA:11,0
DA:12,0
DA:14,0
DA:16,0
DA:23,0
DA:24,0
DA:25,0
DA:26,0
DA:27,0
DA:28,0
DA:29,0
DA:30,0
DA:31,0
DA:32,0
DA:33,0
DA:34,0
DA:35,0
DA:36,0
DA:37,0
DA:38,0
LF:23
LH:0
end_of_record
SF:lib/core/network/network_info.dart
DA:8,0
DA:10,0
DA:11,0
LF:3
LH:0
end_of_record
SF:lib/di/di_ext.dart
DA:4,0
DA:5,0
DA:8,0
DA:9,0
DA:11,0
DA:12,0
DA:15,0
DA:16,0
DA:19,0
DA:20,0
DA:23,0
DA:24,0
LF:12
LH:0
end_of_record
SF:lib/di/injection_container.dart
DA:12,0
DA:13,0
DA:15,0
DA:16,0
LF:4
LH:0
end_of_record
SF:lib/features/crypto/common/crypto_injection.dart
DA:3,0
DA:4,0
DA:6,0
DA:9,0
DA:11,0
DA:13,0
LF:6
LH:0
end_of_record
SF:lib/features/crypto/data/datasource/crypto_remote_datasource.dart
DA:11,0
DA:13,0
DA:14,0
DA:16,0
DA:17,0
DA:19,0
DA:20,0
LF:7
LH:0
end_of_record
SF:lib/features/crypto/data/repositories/crypto_repository_impl.dart
DA:15,0
DA:19,0
DA:21,0
DA:24,0
DA:26,0
DA:27,0
DA:29,0
DA:30,0
DA:31,0
DA:35,0
DA:37,0
DA:40,0
DA:42,0
DA:44,0
DA:45,0
DA:46,0
DA:50,0
DA:52,0
DA:55,0
DA:57,0
DA:58,0
DA:61,0
DA:62,0
DA:63,0
LF:24
LH:0
end_of_record
SF:lib/features/crypto/data/models/article_model.dart
DA:17,0
DA:18,0
DA:19,0
DA:20,0
DA:21,0
DA:22,0
DA:23,0
DA:24,0
DA:30,0
DA:31,0
DA:32,0
DA:33,0
DA:34,0
DA:35,0
DA:36,0
LF:15
LH:0
end_of_record
SF:lib/features/crypto/data/models/chart_price_model.dart
DA:13,0
DA:17,0
LF:2
LH:0
end_of_record
SF:lib/features/crypto/data/models/chart_price_model.g.dart
DA:9,0
DA:10,0
DA:11,0
DA:14,0
DA:15,0
DA:16,0
LF:6
LH:0
end_of_record
SF:lib/features/crypto/data/models/crypto_model.dart
DA:19,0
DA:23,0
DA:24,0
DA:25,0
LF:4
LH:0
end_of_record
SF:lib/features/crypto/data/models/crypto_model.g.dart
DA:9,0
DA:10,0
DA:11,0
DA:12,0
DA:13,0
DA:14,0
DA:15,0
DA:16,0
DA:19,0
DA:20,0
DA:21,0
DA:22,0
DA:23,0
DA:24,0
DA:25,0
DA:26,0
LF:16
LH:0
end_of_record
SF:lib/features/crypto/presentation/Riverpod/crypto_list_controller.dart
DA:6,1
DA:8,1
DA:9,1
DA:13,1
DA:14,5
DA:15,4
DA:16,3
LF:7
LH:7
end_of_record
SF:lib/features/crypto/presentation/Riverpod/crypto_news_controller.dart
DA:6,2
DA:7,2
DA:12,1
DA:13,5
DA:14,4
DA:15,3
LF:6
LH:6
end_of_record
SF:lib/features/crypto/presentation/Riverpod/crypto_price_controller.dart
DA:6,1
DA:7,1
DA:8,2
DA:13,1
DA:14,5
DA:15,4
DA:16,3
LF:7
LH:7
end_of_record
